--- 2025-02-25 14:24:56 INFO: ---

Command: visit
Browser command executed successfully.
--- 2025-02-25 14:24:58 INFO: ---

Command: type
Browser command executed successfully.
--- 2025-02-25 14:25:01 INFO: ---

Command: click
Browser command executed successfully.
--- 2025-02-25 14:26:01 INFO: ---

Command: sleep
Awake O_O
--- 2025-02-25 14:26:03 INFO: ---

Command: screenshot
Browser command executed successfully.
--- 2025-02-25 14:26:05 INFO: ---

Command: click
Browser command executed successfully.
--- 2025-02-25 14:26:35 INFO: ---

Command: sleep
Awake O_O
--- 2025-02-25 14:26:37 INFO: ---

Command: screenshot
Browser command executed successfully.
